2020-05-25 13:07:20.774  WARN 61832 --- [restartedMain] c.c.c.ConfigServicePropertySourceLocator : Could not locate PropertySource: I/O error on GET request for "http://localhost:8888/projectcommandservice/default": Connection refused: connect; nested exception is java.net.ConnectException: Connection refused: connect
2020-05-25 13:07:20.782  INFO 61832 --- [restartedMain] c.c.P.ProjectCommandServiceApplication   : No active profile set, falling back to default profiles: default
2020-05-25 13:07:22.459  WARN 61832 --- [restartedMain] o.s.boot.actuate.endpoint.EndpointId     : Endpoint ID 'service-registry' contains invalid characters, please migrate to a valid format.
2020-05-25 13:07:22.485  WARN 61832 --- [restartedMain] o.s.boot.actuate.endpoint.EndpointId     : Endpoint ID 'hystrix.stream' contains invalid characters, please migrate to a valid format.
2020-05-25 13:07:23.755  WARN 61832 --- [restartedMain] c.n.c.sources.URLConfigurationSource     : No URLs will be polled as dynamic configuration sources.
2020-05-25 13:07:24.535  WARN 61832 --- [restartedMain] o.s.b.d.a.OptionalLiveReloadServer       : Unable to start LiveReload server
2020-05-25 13:07:25.073  WARN 61832 --- [restartedMain] c.n.c.sources.URLConfigurationSource     : No URLs will be polled as dynamic configuration sources.
2020-05-25 13:07:25.396  WARN 61832 --- [restartedMain] ion$DefaultTemplateResolverConfiguration : Cannot find template location: classpath:/templates/ (please add some templates or check your Thymeleaf configuration)
2020-05-25 13:07:25.994  WARN 61832 --- [restartedMain] ockingLoadBalancerClientRibbonWarnLogger : You already have RibbonLoadBalancerClient on your classpath. It will be used by default. As Spring Cloud Ribbon is in maintenance mode. We recommend switching to BlockingLoadBalancerClient instead. In order to use it, set the value of `spring.cloud.loadbalancer.ribbon.enabled` to `false` or remove spring-cloud-starter-netflix-ribbon from your project.
2020-05-25 13:07:28.069  INFO 61832 --- [restartedMain] c.c.P.ProjectCommandServiceApplication   : Started ProjectCommandServiceApplication in 12.087 seconds (JVM running for 14.097)
2020-05-25 14:54:22.457  WARN 61832 --- [RMI TCP Connection(2)-127.0.0.1] com.netflix.discovery.DiscoveryClient    : Saw local status change event StatusChangeEvent [timestamp=1590398662457, current=DOWN, previous=UP]
2020-05-25 21:08:22.853  WARN 74500 --- [restartedMain] c.c.c.ConfigServicePropertySourceLocator : Could not locate PropertySource: I/O error on GET request for "http://localhost:8888/projectcommandservice/default": Connection refused: connect; nested exception is java.net.ConnectException: Connection refused: connect
2020-05-25 21:08:22.871  INFO 74500 --- [restartedMain] c.c.P.ProjectCommandServiceApplication   : No active profile set, falling back to default profiles: default
2020-05-25 21:08:24.669  WARN 74500 --- [restartedMain] o.s.boot.actuate.endpoint.EndpointId     : Endpoint ID 'service-registry' contains invalid characters, please migrate to a valid format.
2020-05-25 21:08:24.693  WARN 74500 --- [restartedMain] o.s.boot.actuate.endpoint.EndpointId     : Endpoint ID 'hystrix.stream' contains invalid characters, please migrate to a valid format.
2020-05-25 21:08:26.485  WARN 74500 --- [restartedMain] c.n.c.sources.URLConfigurationSource     : No URLs will be polled as dynamic configuration sources.
2020-05-25 21:08:27.522  WARN 74500 --- [restartedMain] o.s.b.d.a.OptionalLiveReloadServer       : Unable to start LiveReload server
2020-05-25 21:08:28.010  WARN 74500 --- [restartedMain] c.n.c.sources.URLConfigurationSource     : No URLs will be polled as dynamic configuration sources.
2020-05-25 21:08:28.329  WARN 74500 --- [restartedMain] ion$DefaultTemplateResolverConfiguration : Cannot find template location: classpath:/templates/ (please add some templates or check your Thymeleaf configuration)
2020-05-25 21:08:28.943  WARN 74500 --- [restartedMain] ockingLoadBalancerClientRibbonWarnLogger : You already have RibbonLoadBalancerClient on your classpath. It will be used by default. As Spring Cloud Ribbon is in maintenance mode. We recommend switching to BlockingLoadBalancerClient instead. In order to use it, set the value of `spring.cloud.loadbalancer.ribbon.enabled` to `false` or remove spring-cloud-starter-netflix-ribbon from your project.
2020-05-25 21:08:30.740  INFO 74500 --- [restartedMain] c.c.P.ProjectCommandServiceApplication   : Started ProjectCommandServiceApplication in 12.75 seconds (JVM running for 14.747)
2020-05-25 21:12:43.528  WARN 74500 --- [RMI TCP Connection(2)-127.0.0.1] com.netflix.discovery.DiscoveryClient    : Saw local status change event StatusChangeEvent [timestamp=1590421363528, current=DOWN, previous=UP]
