2020-05-25 13:03:54.161  WARN 58680 --- [restartedMain] c.c.c.ConfigServicePropertySourceLocator : Could not locate PropertySource: I/O error on GET request for "http://localhost:8888/usercommandservice/default": Connection refused: connect; nested exception is java.net.ConnectException: Connection refused: connect
2020-05-25 13:03:54.169  INFO 58680 --- [restartedMain] c.c.U.UserCommandServiceApplication      : No active profile set, falling back to default profiles: default
2020-05-25 13:03:55.885  WARN 58680 --- [restartedMain] o.s.boot.actuate.endpoint.EndpointId     : Endpoint ID 'service-registry' contains invalid characters, please migrate to a valid format.
2020-05-25 13:03:55.923  WARN 58680 --- [restartedMain] o.s.boot.actuate.endpoint.EndpointId     : Endpoint ID 'hystrix.stream' contains invalid characters, please migrate to a valid format.
2020-05-25 13:03:58.244  WARN 58680 --- [restartedMain] c.n.c.sources.URLConfigurationSource     : No URLs will be polled as dynamic configuration sources.
2020-05-25 13:03:59.589  WARN 58680 --- [restartedMain] o.s.b.d.a.OptionalLiveReloadServer       : Unable to start LiveReload server
2020-05-25 13:04:00.425  WARN 58680 --- [restartedMain] c.n.c.sources.URLConfigurationSource     : No URLs will be polled as dynamic configuration sources.
2020-05-25 13:04:00.886  WARN 58680 --- [restartedMain] ion$DefaultTemplateResolverConfiguration : Cannot find template location: classpath:/templates/ (please add some templates or check your Thymeleaf configuration)
2020-05-25 13:04:01.542  WARN 58680 --- [restartedMain] ockingLoadBalancerClientRibbonWarnLogger : You already have RibbonLoadBalancerClient on your classpath. It will be used by default. As Spring Cloud Ribbon is in maintenance mode. We recommend switching to BlockingLoadBalancerClient instead. In order to use it, set the value of `spring.cloud.loadbalancer.ribbon.enabled` to `false` or remove spring-cloud-starter-netflix-ribbon from your project.
2020-05-25 13:04:04.489  INFO 58680 --- [restartedMain] c.c.U.UserCommandServiceApplication      : Started UserCommandServiceApplication in 14.457 seconds (JVM running for 15.815)
2020-05-25 14:54:26.945  WARN 58680 --- [RMI TCP Connection(2)-127.0.0.1] com.netflix.discovery.DiscoveryClient    : Saw local status change event StatusChangeEvent [timestamp=1590398666944, current=DOWN, previous=UP]
2020-05-25 21:08:37.369  WARN 75880 --- [restartedMain] c.c.c.ConfigServicePropertySourceLocator : Could not locate PropertySource: I/O error on GET request for "http://localhost:8888/usercommandservice/default": Connection refused: connect; nested exception is java.net.ConnectException: Connection refused: connect
2020-05-25 21:08:37.473  INFO 75880 --- [restartedMain] c.c.U.UserCommandServiceApplication      : No active profile set, falling back to default profiles: default
2020-05-25 21:08:38.907  WARN 75880 --- [restartedMain] o.s.boot.actuate.endpoint.EndpointId     : Endpoint ID 'service-registry' contains invalid characters, please migrate to a valid format.
2020-05-25 21:08:38.934  WARN 75880 --- [restartedMain] o.s.boot.actuate.endpoint.EndpointId     : Endpoint ID 'hystrix.stream' contains invalid characters, please migrate to a valid format.
2020-05-25 21:08:41.080  WARN 75880 --- [restartedMain] c.n.c.sources.URLConfigurationSource     : No URLs will be polled as dynamic configuration sources.
2020-05-25 21:08:42.790  WARN 75880 --- [restartedMain] o.s.b.d.a.OptionalLiveReloadServer       : Unable to start LiveReload server
2020-05-25 21:08:43.506  WARN 75880 --- [restartedMain] c.n.c.sources.URLConfigurationSource     : No URLs will be polled as dynamic configuration sources.
2020-05-25 21:08:43.895  WARN 75880 --- [restartedMain] ion$DefaultTemplateResolverConfiguration : Cannot find template location: classpath:/templates/ (please add some templates or check your Thymeleaf configuration)
2020-05-25 21:08:44.641  WARN 75880 --- [restartedMain] ockingLoadBalancerClientRibbonWarnLogger : You already have RibbonLoadBalancerClient on your classpath. It will be used by default. As Spring Cloud Ribbon is in maintenance mode. We recommend switching to BlockingLoadBalancerClient instead. In order to use it, set the value of `spring.cloud.loadbalancer.ribbon.enabled` to `false` or remove spring-cloud-starter-netflix-ribbon from your project.
2020-05-25 21:08:47.497  INFO 75880 --- [restartedMain] c.c.U.UserCommandServiceApplication      : Started UserCommandServiceApplication in 14.178 seconds (JVM running for 15.637)
2020-05-25 21:12:43.136  WARN 75880 --- [RMI TCP Connection(2)-127.0.0.1] com.netflix.discovery.DiscoveryClient    : Saw local status change event StatusChangeEvent [timestamp=1590421363136, current=DOWN, previous=UP]
