2020-05-25 13:05:05.989  WARN 59612 --- [restartedMain] c.c.c.ConfigServicePropertySourceLocator : Could not locate PropertySource: I/O error on GET request for "http://localhost:8888/employeecommandservice/default": Connection refused: connect; nested exception is java.net.ConnectException: Connection refused: connect
2020-05-25 13:05:05.998  INFO 59612 --- [restartedMain] c.c.E.EmployeeCommandServiceApplication  : No active profile set, falling back to default profiles: default
2020-05-25 13:05:07.380  WARN 59612 --- [restartedMain] o.s.boot.actuate.endpoint.EndpointId     : Endpoint ID 'service-registry' contains invalid characters, please migrate to a valid format.
2020-05-25 13:05:07.399  WARN 59612 --- [restartedMain] o.s.boot.actuate.endpoint.EndpointId     : Endpoint ID 'hystrix.stream' contains invalid characters, please migrate to a valid format.
2020-05-25 13:05:08.898  WARN 59612 --- [restartedMain] c.n.c.sources.URLConfigurationSource     : No URLs will be polled as dynamic configuration sources.
2020-05-25 13:05:09.697  WARN 59612 --- [restartedMain] o.s.b.d.a.OptionalLiveReloadServer       : Unable to start LiveReload server
2020-05-25 13:05:10.140  WARN 59612 --- [restartedMain] c.n.c.sources.URLConfigurationSource     : No URLs will be polled as dynamic configuration sources.
2020-05-25 13:05:10.381  WARN 59612 --- [restartedMain] ion$DefaultTemplateResolverConfiguration : Cannot find template location: classpath:/templates/ (please add some templates or check your Thymeleaf configuration)
2020-05-25 13:05:10.874  WARN 59612 --- [restartedMain] ockingLoadBalancerClientRibbonWarnLogger : You already have RibbonLoadBalancerClient on your classpath. It will be used by default. As Spring Cloud Ribbon is in maintenance mode. We recommend switching to BlockingLoadBalancerClient instead. In order to use it, set the value of `spring.cloud.loadbalancer.ribbon.enabled` to `false` or remove spring-cloud-starter-netflix-ribbon from your project.
2020-05-25 13:05:12.601  INFO 59612 --- [restartedMain] c.c.E.EmployeeCommandServiceApplication  : Started EmployeeCommandServiceApplication in 10.275 seconds (JVM running for 11.418)
2020-05-25 14:54:25.655  WARN 59612 --- [RMI TCP Connection(2)-127.0.0.1] com.netflix.discovery.DiscoveryClient    : Saw local status change event StatusChangeEvent [timestamp=1590398665655, current=DOWN, previous=UP]
2020-05-25 21:08:08.500  WARN 57236 --- [restartedMain] c.c.c.ConfigServicePropertySourceLocator : Could not locate PropertySource: I/O error on GET request for "http://localhost:8888/employeecommandservice/default": Connection refused: connect; nested exception is java.net.ConnectException: Connection refused: connect
2020-05-25 21:08:08.588  INFO 57236 --- [restartedMain] c.c.E.EmployeeCommandServiceApplication  : No active profile set, falling back to default profiles: default
2020-05-25 21:08:10.619  WARN 57236 --- [restartedMain] o.s.boot.actuate.endpoint.EndpointId     : Endpoint ID 'service-registry' contains invalid characters, please migrate to a valid format.
2020-05-25 21:08:10.646  WARN 57236 --- [restartedMain] o.s.boot.actuate.endpoint.EndpointId     : Endpoint ID 'hystrix.stream' contains invalid characters, please migrate to a valid format.
2020-05-25 21:08:12.784  WARN 57236 --- [restartedMain] c.n.c.sources.URLConfigurationSource     : No URLs will be polled as dynamic configuration sources.
2020-05-25 21:08:14.575  WARN 57236 --- [restartedMain] o.s.b.d.a.OptionalLiveReloadServer       : Unable to start LiveReload server
2020-05-25 21:08:15.446  WARN 57236 --- [restartedMain] c.n.c.sources.URLConfigurationSource     : No URLs will be polled as dynamic configuration sources.
2020-05-25 21:08:15.796  WARN 57236 --- [restartedMain] ion$DefaultTemplateResolverConfiguration : Cannot find template location: classpath:/templates/ (please add some templates or check your Thymeleaf configuration)
2020-05-25 21:08:16.576  WARN 57236 --- [restartedMain] ockingLoadBalancerClientRibbonWarnLogger : You already have RibbonLoadBalancerClient on your classpath. It will be used by default. As Spring Cloud Ribbon is in maintenance mode. We recommend switching to BlockingLoadBalancerClient instead. In order to use it, set the value of `spring.cloud.loadbalancer.ribbon.enabled` to `false` or remove spring-cloud-starter-netflix-ribbon from your project.
2020-05-25 21:08:19.434  INFO 57236 --- [restartedMain] c.c.E.EmployeeCommandServiceApplication  : Started EmployeeCommandServiceApplication in 14.895 seconds (JVM running for 16.713)
2020-05-25 21:12:44.269  WARN 57236 --- [RMI TCP Connection(2)-127.0.0.1] com.netflix.discovery.DiscoveryClient    : Saw local status change event StatusChangeEvent [timestamp=1590421364269, current=DOWN, previous=UP]
