2020-05-25 13:07:24.795  WARN 62072 --- [restartedMain] c.c.c.ConfigServicePropertySourceLocator : Could not locate PropertySource: I/O error on GET request for "http://localhost:8888/projectqueryService/default": Connection refused: connect; nested exception is java.net.ConnectException: Connection refused: connect
2020-05-25 13:07:24.804  INFO 62072 --- [restartedMain] c.c.P.ProjectQueryServiceApplication     : No active profile set, falling back to default profiles: default
2020-05-25 13:07:26.375  WARN 62072 --- [restartedMain] o.s.boot.actuate.endpoint.EndpointId     : Endpoint ID 'service-registry' contains invalid characters, please migrate to a valid format.
2020-05-25 13:07:26.405  WARN 62072 --- [restartedMain] o.s.boot.actuate.endpoint.EndpointId     : Endpoint ID 'hystrix.stream' contains invalid characters, please migrate to a valid format.
2020-05-25 13:07:27.938  WARN 62072 --- [restartedMain] c.n.c.sources.URLConfigurationSource     : No URLs will be polled as dynamic configuration sources.
2020-05-25 13:07:28.806  WARN 62072 --- [restartedMain] o.s.b.d.a.OptionalLiveReloadServer       : Unable to start LiveReload server
2020-05-25 13:07:29.239  WARN 62072 --- [restartedMain] c.n.c.sources.URLConfigurationSource     : No URLs will be polled as dynamic configuration sources.
2020-05-25 13:07:29.489  WARN 62072 --- [restartedMain] ion$DefaultTemplateResolverConfiguration : Cannot find template location: classpath:/templates/ (please add some templates or check your Thymeleaf configuration)
2020-05-25 13:07:30.018  WARN 62072 --- [restartedMain] ockingLoadBalancerClientRibbonWarnLogger : You already have RibbonLoadBalancerClient on your classpath. It will be used by default. As Spring Cloud Ribbon is in maintenance mode. We recommend switching to BlockingLoadBalancerClient instead. In order to use it, set the value of `spring.cloud.loadbalancer.ribbon.enabled` to `false` or remove spring-cloud-starter-netflix-ribbon from your project.
2020-05-25 13:07:31.707  INFO 62072 --- [restartedMain] c.c.P.ProjectQueryServiceApplication     : Started ProjectQueryServiceApplication in 10.91 seconds (JVM running for 12.515)
2020-05-25 14:54:22.155  WARN 62072 --- [RMI TCP Connection(2)-127.0.0.1] com.netflix.discovery.DiscoveryClient    : Saw local status change event StatusChangeEvent [timestamp=1590398662155, current=DOWN, previous=UP]
2020-05-25 19:03:51.588  WARN 66296 --- [restartedMain] c.c.c.ConfigServicePropertySourceLocator : Could not locate PropertySource: I/O error on GET request for "http://localhost:8888/projectqueryService/default": Connection refused: connect; nested exception is java.net.ConnectException: Connection refused: connect
2020-05-25 19:03:51.605  INFO 66296 --- [restartedMain] c.c.P.ProjectQueryServiceApplication     : No active profile set, falling back to default profiles: default
2020-05-25 19:03:52.741  WARN 66296 --- [restartedMain] o.s.boot.actuate.endpoint.EndpointId     : Endpoint ID 'service-registry' contains invalid characters, please migrate to a valid format.
2020-05-25 19:03:52.756  WARN 66296 --- [restartedMain] o.s.boot.actuate.endpoint.EndpointId     : Endpoint ID 'hystrix.stream' contains invalid characters, please migrate to a valid format.
2020-05-25 19:03:53.839  WARN 66296 --- [restartedMain] c.n.c.sources.URLConfigurationSource     : No URLs will be polled as dynamic configuration sources.
2020-05-25 19:03:54.614  WARN 66296 --- [restartedMain] o.s.b.d.a.OptionalLiveReloadServer       : Unable to start LiveReload server
2020-05-25 19:03:55.014  WARN 66296 --- [restartedMain] c.n.c.sources.URLConfigurationSource     : No URLs will be polled as dynamic configuration sources.
2020-05-25 19:03:55.221  WARN 66296 --- [restartedMain] ion$DefaultTemplateResolverConfiguration : Cannot find template location: classpath:/templates/ (please add some templates or check your Thymeleaf configuration)
2020-05-25 19:03:55.686  WARN 66296 --- [restartedMain] ockingLoadBalancerClientRibbonWarnLogger : You already have RibbonLoadBalancerClient on your classpath. It will be used by default. As Spring Cloud Ribbon is in maintenance mode. We recommend switching to BlockingLoadBalancerClient instead. In order to use it, set the value of `spring.cloud.loadbalancer.ribbon.enabled` to `false` or remove spring-cloud-starter-netflix-ribbon from your project.
2020-05-25 19:03:57.207  INFO 66296 --- [restartedMain] c.c.P.ProjectQueryServiceApplication     : Started ProjectQueryServiceApplication in 9.727 seconds (JVM running for 11.43)
2020-05-25 21:12:45.022  WARN 66296 --- [RMI TCP Connection(2)-127.0.0.1] com.netflix.discovery.DiscoveryClient    : Saw local status change event StatusChangeEvent [timestamp=1590421365022, current=DOWN, previous=UP]
