2020-05-25 13:06:02.318  WARN 56384 --- [restartedMain] c.c.c.ConfigServicePropertySourceLocator : Could not locate PropertySource: I/O error on GET request for "http://localhost:8888/claimcommandservice/default": Connection refused: connect; nested exception is java.net.ConnectException: Connection refused: connect
2020-05-25 13:06:02.326  INFO 56384 --- [restartedMain] c.c.C.ClaimCommandServiceApplication     : No active profile set, falling back to default profiles: default
2020-05-25 13:06:03.433  WARN 56384 --- [restartedMain] o.s.boot.actuate.endpoint.EndpointId     : Endpoint ID 'service-registry' contains invalid characters, please migrate to a valid format.
2020-05-25 13:06:03.448  WARN 56384 --- [restartedMain] o.s.boot.actuate.endpoint.EndpointId     : Endpoint ID 'hystrix.stream' contains invalid characters, please migrate to a valid format.
2020-05-25 13:06:04.562  WARN 56384 --- [restartedMain] c.n.c.sources.URLConfigurationSource     : No URLs will be polled as dynamic configuration sources.
2020-05-25 13:06:05.302  WARN 56384 --- [restartedMain] o.s.b.d.a.OptionalLiveReloadServer       : Unable to start LiveReload server
2020-05-25 13:06:05.811  WARN 56384 --- [restartedMain] c.n.c.sources.URLConfigurationSource     : No URLs will be polled as dynamic configuration sources.
2020-05-25 13:06:06.097  WARN 56384 --- [restartedMain] ion$DefaultTemplateResolverConfiguration : Cannot find template location: classpath:/templates/ (please add some templates or check your Thymeleaf configuration)
2020-05-25 13:06:06.727  WARN 56384 --- [restartedMain] ockingLoadBalancerClientRibbonWarnLogger : You already have RibbonLoadBalancerClient on your classpath. It will be used by default. As Spring Cloud Ribbon is in maintenance mode. We recommend switching to BlockingLoadBalancerClient instead. In order to use it, set the value of `spring.cloud.loadbalancer.ribbon.enabled` to `false` or remove spring-cloud-starter-netflix-ribbon from your project.
2020-05-25 13:06:08.538  INFO 56384 --- [restartedMain] c.c.C.ClaimCommandServiceApplication     : Started ClaimCommandServiceApplication in 9.603 seconds (JVM running for 10.742)
2020-05-25 14:54:24.561  WARN 56384 --- [RMI TCP Connection(4)-127.0.0.1] com.netflix.discovery.DiscoveryClient    : Saw local status change event StatusChangeEvent [timestamp=1590398664561, current=DOWN, previous=UP]
2020-05-25 19:02:46.055  WARN 56844 --- [restartedMain] c.c.c.ConfigServicePropertySourceLocator : Could not locate PropertySource: I/O error on GET request for "http://localhost:8888/claimcommandservice/default": Connection refused: connect; nested exception is java.net.ConnectException: Connection refused: connect
2020-05-25 19:02:46.070  INFO 56844 --- [restartedMain] c.c.C.ClaimCommandServiceApplication     : No active profile set, falling back to default profiles: default
2020-05-25 19:02:47.543  WARN 56844 --- [restartedMain] o.s.boot.actuate.endpoint.EndpointId     : Endpoint ID 'service-registry' contains invalid characters, please migrate to a valid format.
2020-05-25 19:02:47.580  WARN 56844 --- [restartedMain] o.s.boot.actuate.endpoint.EndpointId     : Endpoint ID 'hystrix.stream' contains invalid characters, please migrate to a valid format.
2020-05-25 19:02:49.392  WARN 56844 --- [restartedMain] c.n.c.sources.URLConfigurationSource     : No URLs will be polled as dynamic configuration sources.
2020-05-25 19:02:50.546  WARN 56844 --- [restartedMain] o.s.b.d.a.OptionalLiveReloadServer       : Unable to start LiveReload server
2020-05-25 19:02:51.315  WARN 56844 --- [restartedMain] c.n.c.sources.URLConfigurationSource     : No URLs will be polled as dynamic configuration sources.
2020-05-25 19:02:51.881  WARN 56844 --- [restartedMain] ion$DefaultTemplateResolverConfiguration : Cannot find template location: classpath:/templates/ (please add some templates or check your Thymeleaf configuration)
2020-05-25 19:02:52.765  WARN 56844 --- [restartedMain] ockingLoadBalancerClientRibbonWarnLogger : You already have RibbonLoadBalancerClient on your classpath. It will be used by default. As Spring Cloud Ribbon is in maintenance mode. We recommend switching to BlockingLoadBalancerClient instead. In order to use it, set the value of `spring.cloud.loadbalancer.ribbon.enabled` to `false` or remove spring-cloud-starter-netflix-ribbon from your project.
2020-05-25 19:02:55.162  INFO 56844 --- [restartedMain] c.c.C.ClaimCommandServiceApplication     : Started ClaimCommandServiceApplication in 13.633 seconds (JVM running for 15.723)
2020-05-25 21:12:48.265  WARN 56844 --- [RMI TCP Connection(2)-127.0.0.1] com.netflix.discovery.DiscoveryClient    : Saw local status change event StatusChangeEvent [timestamp=1590421368265, current=DOWN, previous=UP]
