2020-05-25 13:04:06.636  WARN 59000 --- [restartedMain] c.c.c.ConfigServicePropertySourceLocator : Could not locate PropertySource: I/O error on GET request for "http://localhost:8888/userqueryservice/default": Connection refused: connect; nested exception is java.net.ConnectException: Connection refused: connect
2020-05-25 13:04:06.643  INFO 59000 --- [restartedMain] c.c.U.UserQueryServiceApplication        : No active profile set, falling back to default profiles: default
2020-05-25 13:04:08.339  WARN 59000 --- [restartedMain] o.s.boot.actuate.endpoint.EndpointId     : Endpoint ID 'service-registry' contains invalid characters, please migrate to a valid format.
2020-05-25 13:04:08.359  WARN 59000 --- [restartedMain] o.s.boot.actuate.endpoint.EndpointId     : Endpoint ID 'hystrix.stream' contains invalid characters, please migrate to a valid format.
2020-05-25 13:04:09.839  WARN 59000 --- [restartedMain] c.n.c.sources.URLConfigurationSource     : No URLs will be polled as dynamic configuration sources.
2020-05-25 13:04:10.665  WARN 59000 --- [restartedMain] o.s.b.d.a.OptionalLiveReloadServer       : Unable to start LiveReload server
2020-05-25 13:04:11.265  WARN 59000 --- [restartedMain] c.n.c.sources.URLConfigurationSource     : No URLs will be polled as dynamic configuration sources.
2020-05-25 13:04:11.633  WARN 59000 --- [restartedMain] ion$DefaultTemplateResolverConfiguration : Cannot find template location: classpath:/templates/ (please add some templates or check your Thymeleaf configuration)
2020-05-25 13:04:12.211  WARN 59000 --- [restartedMain] ockingLoadBalancerClientRibbonWarnLogger : You already have RibbonLoadBalancerClient on your classpath. It will be used by default. As Spring Cloud Ribbon is in maintenance mode. We recommend switching to BlockingLoadBalancerClient instead. In order to use it, set the value of `spring.cloud.loadbalancer.ribbon.enabled` to `false` or remove spring-cloud-starter-netflix-ribbon from your project.
2020-05-25 13:04:14.212  INFO 59000 --- [restartedMain] c.c.U.UserQueryServiceApplication        : Started UserQueryServiceApplication in 12.323 seconds (JVM running for 14.304)
2020-05-25 14:54:26.574  WARN 59000 --- [RMI TCP Connection(2)-127.0.0.1] com.netflix.discovery.DiscoveryClient    : Saw local status change event StatusChangeEvent [timestamp=1590398666574, current=DOWN, previous=UP]
2020-05-25 19:03:29.966  WARN 72052 --- [restartedMain] c.c.c.ConfigServicePropertySourceLocator : Could not locate PropertySource: I/O error on GET request for "http://localhost:8888/userqueryservice/default": Connection refused: connect; nested exception is java.net.ConnectException: Connection refused: connect
2020-05-25 19:03:29.977  INFO 72052 --- [restartedMain] c.c.U.UserQueryServiceApplication        : No active profile set, falling back to default profiles: default
2020-05-25 19:03:31.426  WARN 72052 --- [restartedMain] o.s.boot.actuate.endpoint.EndpointId     : Endpoint ID 'service-registry' contains invalid characters, please migrate to a valid format.
2020-05-25 19:03:31.444  WARN 72052 --- [restartedMain] o.s.boot.actuate.endpoint.EndpointId     : Endpoint ID 'hystrix.stream' contains invalid characters, please migrate to a valid format.
2020-05-25 19:03:32.667  WARN 72052 --- [restartedMain] c.n.c.sources.URLConfigurationSource     : No URLs will be polled as dynamic configuration sources.
2020-05-25 19:03:33.656  WARN 72052 --- [restartedMain] o.s.b.d.a.OptionalLiveReloadServer       : Unable to start LiveReload server
2020-05-25 19:03:34.192  WARN 72052 --- [restartedMain] c.n.c.sources.URLConfigurationSource     : No URLs will be polled as dynamic configuration sources.
2020-05-25 19:03:34.480  WARN 72052 --- [restartedMain] ion$DefaultTemplateResolverConfiguration : Cannot find template location: classpath:/templates/ (please add some templates or check your Thymeleaf configuration)
2020-05-25 19:03:35.004  WARN 72052 --- [restartedMain] ockingLoadBalancerClientRibbonWarnLogger : You already have RibbonLoadBalancerClient on your classpath. It will be used by default. As Spring Cloud Ribbon is in maintenance mode. We recommend switching to BlockingLoadBalancerClient instead. In order to use it, set the value of `spring.cloud.loadbalancer.ribbon.enabled` to `false` or remove spring-cloud-starter-netflix-ribbon from your project.
2020-05-25 19:03:36.856  INFO 72052 --- [restartedMain] c.c.U.UserQueryServiceApplication        : Started UserQueryServiceApplication in 10.78 seconds (JVM running for 12.385)
2020-05-25 21:12:45.944  WARN 72052 --- [RMI TCP Connection(2)-127.0.0.1] com.netflix.discovery.DiscoveryClient    : Saw local status change event StatusChangeEvent [timestamp=1590421365944, current=DOWN, previous=UP]
